=====矩形截面梁已知配筋计算抗弯承载力=====
序号：1      编号：L-1      截面类型：矩形
一.输入参数
1.1 梁宽b：250.0mm
1.2 梁高h：500.0mm
1.3 混凝土:强度等级C30.0，抗压强度设计值fc=14.3N/mm²
1.4 受拉钢筋：强度等级HPB300，屈服强度设计值fy=270.0N/mm²，弹性模量Es=210000.0N/mm²
1.5 受压钢筋：强度等级HRB335，屈服强度设计值fy'=300.0N/mm²
1.6 受拉钢筋面积As：1500.0mm²
1.7 受拉钢筋面积As'：0.0mm²
1.8 受拉钢筋保护计算厚度as：42.5mm
1.9 受压钢筋保护计算厚度as'：67.5mm
1.10 弯矩设计值M：250.0kN·m
1.11 是否地震作用组合：否
1.12 结构重要性系数γ0：1.0
二.计算结果
2.1 混凝土受压区高度x=113.3mm
2.2 界限相对受压区高度ξb·h0=263.4mm
2.3 相对受压区高度比ξ=0.2477
2.4 界限相对受压区高度比ξb=0.5757
2.5 非地震作用抗弯承载力Mu=162.3kN·m
2.6 地震作用时抗弯承载力MuE=216.40kN·m
2.7 受压钢筋应力σs'=0.0N/mm²
2.8 受拉钢筋应力σs =270.0N/mm²
2.9 抗力效应比R/S=0.65
✓轴力平衡校验通过!

