****************************************************
计算时间：2026-01-03 12:28:02
=====T形截面梁已知配筋计算抗弯承载力=====
序号4.1      编号： 
一.输入参数
1.1 梁宽b：250mm
1.2 梁高h：500mm
1.3 受压翼缘宽度bf'：800mm
1.4 受压翼缘厚度hf'：100mm
1.5 混凝土强度等级：C30
1.6 受拉钢筋强度等级：HRB400N/mm²
1.7 受压钢筋强度等级：HRB400N/mm²
1.8 受拉钢筋面积As：1500mm²
1.9 受拉钢筋面积As'：0mm²
1.10 受拉钢筋保护计算厚度as：42.5mm
1.11 受压钢筋保护计算厚度as'：42.5mm
二.计算结果
2.1 T形截面类型判别：第一类T型截面
2.2 混凝土受压区高度x=47.2mm
2.3 界限相对受压区高度ξbh0=236.8mm
2.4 相对受压区高度比ξ=0.103
2.5 界限相对受压区高度比ξb=0.518
2.6 抗弯承载力Mu=234.31kN·m
2.7 受压钢筋应力σs'=0.0N/mm²
2.8 受拉钢筋应力σs =360.0N/mm²
✓轴力平衡校验通过!

=====T形截面梁已知配筋计算抗弯承载力=====
序号4.2      编号： 
一.输入参数
1.1 梁宽b：250mm
1.2 梁高h：500mm
1.3 受压翼缘宽度bf'：800mm
1.4 受压翼缘厚度hf'：100mm
1.5 混凝土强度等级：C30
1.6 受拉钢筋强度等级：HRB400N/mm²
1.7 受压钢筋强度等级：HRB400N/mm²
1.8 受拉钢筋面积As：2500mm²
1.9 受拉钢筋面积As'：500mm²
1.10 受拉钢筋保护计算厚度as：42.5mm
1.11 受压钢筋保护计算厚度as'：42.5mm
二.计算结果
2.1 T形截面类型判别：第一类T型截面
2.2 混凝土受压区高度x=78.7mm
2.3 界限相对受压区高度ξbh0=236.8mm
2.4 相对受压区高度比ξ=0.172
2.5 界限相对受压区高度比ξb=0.518
2.6 抗弯承载力Mu=376.35kN·m
2.7 受压钢筋应力σs'=0.0N/mm²
2.8 受拉钢筋应力σs =360.0N/mm²
✓轴力平衡校验通过!

=====T形截面梁已知配筋计算抗弯承载力=====
序号4.3      编号： 
一.输入参数
1.1 梁宽b：250mm
1.2 梁高h：500mm
1.3 受压翼缘宽度bf'：800mm
1.4 受压翼缘厚度hf'：100mm
1.5 混凝土强度等级：C30
1.6 受拉钢筋强度等级：HRB400N/mm²
1.7 受压钢筋强度等级：HRB400N/mm²
1.8 受拉钢筋面积As：5000mm²
1.9 受拉钢筋面积As'：500mm²
1.10 受拉钢筋保护计算厚度as：42.5mm
1.11 受压钢筋保护计算厚度as'：42.5mm
二.计算结果
2.1 T形截面类型判别：第二类T型截面
2.2 混凝土受压区高度x=233.1mm
2.3 界限相对受压区高度ξbh0=236.8mm
2.4 相对受压区高度比ξ=0.51
2.5 界限相对受压区高度比ξb=0.518
2.6 抗弯承载力Mu=679.36kN·m
2.7 受压钢筋应力σs'=360.0N/mm²
2.8 受拉钢筋应力σs =360.0N/mm²
✓轴力平衡校验通过!

=====T形截面梁已知配筋计算抗弯承载力=====
序号4.4      编号： 
一.输入参数
1.1 梁宽b：250mm
1.2 梁高h：500mm
1.3 受压翼缘宽度bf'：800mm
1.4 受压翼缘厚度hf'：100mm
1.5 混凝土强度等级：C30
1.6 受拉钢筋强度等级：HRB400N/mm²
1.7 受压钢筋强度等级：HRB400N/mm²
1.8 受拉钢筋面积As：9000mm²
1.9 受拉钢筋面积As'：500mm²
1.10 受拉钢筋保护计算厚度as：42.5mm
1.11 受压钢筋保护计算厚度as'：42.5mm
二.计算结果
2.1 T形截面类型判别：第二类T型截面
2.2 混凝土受压区高度x=275.5mm
2.3 界限相对受压区高度ξbh0=236.8mm
2.4 相对受压区高度比ξ=0.602
2.5 界限相对受压区高度比ξb=0.518
2.6 抗弯承载力Mu=710.12kN·m
2.7 受压钢筋应力σs'=360.0N/mm²
2.8 受拉钢筋应力σs =216.8N/mm²
✓轴力平衡校验通过!


【END】