****************************************************
计算时间：2026-01-03 21:18:07
共8组截面梁计算数据
****************************************************
=====矩形截面梁已知配筋计算抗弯承载力=====
序号：8.1      编号：      截面类型：矩形
一.输入参数
1.1 梁宽b：300mm
1.2 梁高h：600mm
1.3 混凝土:强度等级C30，抗压强度设计值fc=14.3N/mm²
1.4 受拉钢筋：强度等级HRB400，屈服强度设计值fy=360.0N/mm²，弹性模量Es=200000.0N/mm²
1.5 受压钢筋：强度等级HRB400，屈服强度设计值fy'=360.0N/mm²
1.6 受拉钢筋面积As：9000mm²
1.7 受拉钢筋面积As'：0mm²
1.8 受拉钢筋保护计算厚度as：42.5mm
1.9 受压钢筋保护计算厚度as'：42.5mm
1.10 结构重要性系数γ0：1.0
二.计算结果
2.1 混凝土受压区高度x=354.99mm
2.2 界限相对受压区高度ξb·h0=288.59mm
2.3 相对受压区高度比ξ=0.6368
2.4 界限相对受压区高度比ξb=0.5176
2.5 非地震作用抗弯承载力Mu=578.71kN·m
2.6 地震作用时抗弯承载力MuE=771.61kN·m
2.6 受压钢筋应力σs'=360.0N/mm²
2.7 受拉钢筋应力σs =169.2N/mm²
✓轴力平衡校验通过!

=====矩形截面梁已知配筋计算抗弯承载力=====
序号：8.2      编号：      截面类型：矩形
一.输入参数
1.1 梁宽b：300mm
1.2 梁高h：600mm
1.3 混凝土:强度等级C30，抗压强度设计值fc=14.3N/mm²
1.4 受拉钢筋：强度等级HRB400，屈服强度设计值fy=360.0N/mm²，弹性模量Es=200000.0N/mm²
1.5 受压钢筋：强度等级HRB400，屈服强度设计值fy'=360.0N/mm²
1.6 受拉钢筋面积As：2500mm²
1.7 受拉钢筋面积As'：500mm²
1.8 受拉钢筋保护计算厚度as：42.5mm
1.9 受压钢筋保护计算厚度as'：42.5mm
1.10 结构重要性系数γ0：1.0
二.计算结果
2.1 混凝土受压区高度x=167.83mm
2.2 界限相对受压区高度ξb·h0=288.59mm
2.3 相对受压区高度比ξ=0.301
2.4 界限相对受压区高度比ξb=0.5176
2.5 非地震作用抗弯承载力Mu=433.68kN·m
2.6 地震作用时抗弯承载力MuE=578.24kN·m
2.6 受压钢筋应力σs'=360.0N/mm²
2.7 受拉钢筋应力σs =360.0N/mm²
✓轴力平衡校验通过!

=====矩形截面梁已知配筋计算抗弯承载力=====
序号：8.3      编号：      截面类型：矩形
一.输入参数
1.1 梁宽b：300mm
1.2 梁高h：600mm
1.3 混凝土:强度等级C30，抗压强度设计值fc=14.3N/mm²
1.4 受拉钢筋：强度等级HRB400，屈服强度设计值fy=360.0N/mm²，弹性模量Es=200000.0N/mm²
1.5 受压钢筋：强度等级HRB400，屈服强度设计值fy'=360.0N/mm²
1.6 受拉钢筋面积As：5000mm²
1.7 受拉钢筋面积As'：500mm²
1.8 受拉钢筋保护计算厚度as：42.5mm
1.9 受压钢筋保护计算厚度as'：42.5mm
1.10 结构重要性系数γ0：1.0
二.计算结果
2.1 混凝土受压区高度x=306.85mm
2.2 界限相对受压区高度ξb·h0=288.59mm
2.3 相对受压区高度比ξ=0.5504
2.4 界限相对受压区高度比ξb=0.5176
2.5 非地震作用抗弯承载力Mu=624.62kN·m
2.6 地震作用时抗弯承载力MuE=832.83kN·m
2.6 受压钢筋应力σs'=360.0N/mm²
2.7 受拉钢筋应力σs =299.3N/mm²
✓轴力平衡校验通过!

=====矩形截面梁已知配筋计算抗弯承载力=====
序号：8.4      编号：      截面类型：矩形
一.输入参数
1.1 梁宽b：300mm
1.2 梁高h：600mm
1.3 混凝土:强度等级C30，抗压强度设计值fc=14.3N/mm²
1.4 受拉钢筋：强度等级HRB400，屈服强度设计值fy=360.0N/mm²，弹性模量Es=200000.0N/mm²
1.5 受压钢筋：强度等级HRB400，屈服强度设计值fy'=360.0N/mm²
1.6 受拉钢筋面积As：9000mm²
1.7 受拉钢筋面积As'：500mm²
1.8 受拉钢筋保护计算厚度as：42.5mm
1.9 受压钢筋保护计算厚度as'：42.5mm
1.10 结构重要性系数γ0：1.0
二.计算结果
2.1 混凝土受压区高度x=347.99mm
2.2 界限相对受压区高度ξb·h0=288.59mm
2.3 相对受压区高度比ξ=0.6242
2.4 界限相对受压区高度比ξb=0.5176
2.5 非地震作用抗弯承载力Mu=665.23kN·m
2.6 地震作用时抗弯承载力MuE=886.97kN·m
2.6 受压钢筋应力σs'=360.0N/mm²
2.7 受拉钢筋应力σs =185.9N/mm²
✓轴力平衡校验通过!

=====T形截面梁已知配筋计算抗弯承载力=====
序号：8.5      编号：      截面类型：T形
一.输入参数
1.1 梁宽b：300mm
1.2 梁高h：600mm
1.3 受压翼缘宽度bf'：1200.0mm
1.4 受压翼缘厚度hf'：100.0mm
1.5 混凝土:强度等级C30，抗压强度设计值fc=14.3N/mm²
1.6 受拉钢筋：强度等级HRB400，屈服强度设计值fy=360.0N/mm²，弹性模量Es=200000.0N/mm²
1.7 受压钢筋：强度等级HRB400，屈服强度设计值fy'=360.0N/mm²
1.8 受拉钢筋面积As：1500mm²
1.9 受拉钢筋面积As'：0mm²
1.10 受拉钢筋保护计算厚度as：42.5mm
1.11 受压钢筋保护计算厚度as'：42.5mm
1.12 结构重要性系数γ0：1.0
二.计算结果
2.1 T形截面类型判别：第一类T型截面
2.2 混凝土受压区高度x=31.47mm
2.3 界限相对受压区高度ξb·h0=288.59mm
2.4 相对受压区高度比ξ=0.056
2.5 界限相对受压区高度比ξb=0.5176
2.6 非地震作用抗弯承载力Mu=292.55kN·m
2.7 地震作用时抗弯承载力MuE=390.07kN·m
2.8 受压钢筋应力σs'=0.0N/mm²
2.9 受拉钢筋应力σs =360.0N/mm²
✓轴力平衡校验通过!

=====T形截面梁已知配筋计算抗弯承载力=====
序号：8.6      编号：      截面类型：T形
一.输入参数
1.1 梁宽b：300mm
1.2 梁高h：600mm
1.3 受压翼缘宽度bf'：1200.0mm
1.4 受压翼缘厚度hf'：100.0mm
1.5 混凝土:强度等级C30，抗压强度设计值fc=14.3N/mm²
1.6 受拉钢筋：强度等级HRB400，屈服强度设计值fy=360.0N/mm²，弹性模量Es=200000.0N/mm²
1.7 受压钢筋：强度等级HRB400，屈服强度设计值fy'=360.0N/mm²
1.8 受拉钢筋面积As：2500mm²
1.9 受拉钢筋面积As'：500mm²
1.10 受拉钢筋保护计算厚度as：42.5mm
1.11 受压钢筋保护计算厚度as'：42.5mm
1.12 结构重要性系数γ0：1.0
二.计算结果
2.1 T形截面类型判别：第一类T型截面
2.2 混凝土受压区高度x=52.45mm
2.3 界限相对受压区高度ξb·h0=288.59mm
2.4 相对受压区高度比ξ=0.094
2.5 界限相对受压区高度比ξb=0.5176
2.6 非地震作用抗弯承载力Mu=478.15kN·m
2.7 地震作用时抗弯承载力MuE=637.53kN·m
2.8 受压钢筋应力σs'=0.0N/mm²
2.9 受拉钢筋应力σs =360.0N/mm²
✓轴力平衡校验通过!

=====T形截面梁已知配筋计算抗弯承载力=====
序号：8.7      编号：      截面类型：T形
一.输入参数
1.1 梁宽b：300mm
1.2 梁高h：600mm
1.3 受压翼缘宽度bf'：1200.0mm
1.4 受压翼缘厚度hf'：100.0mm
1.5 混凝土:强度等级C30，抗压强度设计值fc=14.3N/mm²
1.6 受拉钢筋：强度等级HRB400，屈服强度设计值fy=360.0N/mm²，弹性模量Es=200000.0N/mm²
1.7 受压钢筋：强度等级HRB400，屈服强度设计值fy'=360.0N/mm²
1.8 受拉钢筋面积As：5000mm²
1.9 受拉钢筋面积As'：500mm²
1.10 受拉钢筋保护计算厚度as：42.5mm
1.11 受压钢筋保护计算厚度as'：42.5mm
1.12 结构重要性系数γ0：1.0
二.计算结果
2.1 T形截面类型判别：第二类T型截面
2.2 混凝土受压区高度x=77.62mm
2.3 界限相对受压区高度ξb·h0=288.59mm
2.4 相对受压区高度比ξ=0.139
2.5 界限相对受压区高度比ξb=0.5176
2.6 非地震作用抗弯承载力Mu=918.58kN·m
2.7 地震作用时抗弯承载力MuE=1224.77kN·m
2.8 受压钢筋应力σs'=360.0N/mm²
2.9 受拉钢筋应力σs =360.0N/mm²
✓轴力平衡校验通过!

=====T形截面梁已知配筋计算抗弯承载力=====
序号：8.8      编号：      截面类型：T形
一.输入参数
1.1 梁宽b：300mm
1.2 梁高h：600mm
1.3 受压翼缘宽度bf'：1200.0mm
1.4 受压翼缘厚度hf'：100.0mm
1.5 混凝土:强度等级C30，抗压强度设计值fc=14.3N/mm²
1.6 受拉钢筋：强度等级HRB400，屈服强度设计值fy=360.0N/mm²，弹性模量Es=200000.0N/mm²
1.7 受压钢筋：强度等级HRB400，屈服强度设计值fy'=360.0N/mm²
1.8 受拉钢筋面积As：9000mm²
1.9 受拉钢筋面积As'：500mm²
1.10 受拉钢筋保护计算厚度as：42.5mm
1.11 受压钢筋保护计算厚度as'：42.5mm
1.12 结构重要性系数γ0：1.0
二.计算结果
2.1 T形截面类型判别：第二类T型截面
2.2 混凝土受压区高度x=304.10mm
2.3 界限相对受压区高度ξb·h0=288.59mm
2.4 相对受压区高度比ξ=0.545
2.5 界限相对受压区高度比ξb=0.5176
2.6 非地震作用抗弯承载力Mu=1274.80kN·m
2.7 地震作用时抗弯承载力MuE=1699.73kN·m
2.8 受压钢筋应力σs'=360.0N/mm²
2.9 受拉钢筋应力σs =308.0N/mm²
✓轴力平衡校验通过!

【END】计算完成，共8组数据，结果已保存至：D:\My Python\结构计算程序\output\梁抗弯承载力计算结果.out