****************************************************
计算时间：2026-01-03 12:22:39
=====矩形截面梁已知配筋计算抗弯承载力=====
序号5.1      编号： 
一.输入参数
1.1 梁宽b：250mm
1.2 梁高h：500mm
1.3 混凝土强度等级：C30
1.4 受拉钢筋强度等级：HRB400N/mm²
1.5 受压钢筋强度等级：HRB400N/mm²
1.6 受拉钢筋面积As：1500mm²
1.7 受拉钢筋面积As'：0mm²
1.8 受拉钢筋保护计算厚度as：42.5mm
1.9 受压钢筋保护计算厚度as'：42.5mm
二.计算结果
2.1 混凝土受压区高度x=151.0mm
2.2 界限相对受压区高度ξbh0=236.8mm
2.3 相对受压区高度比ξ=0.3301
2.4 界限相对受压区高度比ξb=0.5176
2.5 抗弯承载力Mu=206.27kN·m
2.6 受压钢筋应力σs'=360.0N/mm²
2.7 受拉钢筋应力σs =360.0N/mm²
✓轴力平衡校验通过!

=====矩形截面梁已知配筋计算抗弯承载力=====
序号5.2      编号： 
一.输入参数
1.1 梁宽b：250mm
1.2 梁高h：500mm
1.3 混凝土强度等级：C30
1.4 受拉钢筋强度等级：HRB400N/mm²
1.5 受压钢筋强度等级：HRB400N/mm²
1.6 受拉钢筋面积As：1500mm²
1.7 受拉钢筋面积As'：1000mm²
1.8 受拉钢筋保护计算厚度as：42.5mm
1.9 受压钢筋保护计算厚度as'：42.5mm
二.计算结果
2.1 混凝土受压区高度x=85.0mm
2.2 界限相对受压区高度ξbh0=236.8mm
2.3 相对受压区高度比ξ=0.1858
2.4 界限相对受压区高度比ξb=0.5176
2.5 抗弯承载力Mu=224.1kN·m
2.6 受压钢筋应力σs'=236.1N/mm²
2.7 受拉钢筋应力σs =360.0N/mm²
✓轴力平衡校验通过!

=====矩形截面梁已知配筋计算抗弯承载力=====
序号5.3      编号： 
一.输入参数
1.1 梁宽b：250mm
1.2 梁高h：500mm
1.3 混凝土强度等级：C30
1.4 受拉钢筋强度等级：HRB400N/mm²
1.5 受压钢筋强度等级：HRB400N/mm²
1.6 受拉钢筋面积As：2500mm²
1.7 受拉钢筋面积As'：1000mm²
1.8 受拉钢筋保护计算厚度as：42.5mm
1.9 受压钢筋保护计算厚度as'：42.5mm
二.计算结果
2.1 混凝土受压区高度x=151.0mm
2.2 界限相对受压区高度ξbh0=236.8mm
2.3 相对受压区高度比ξ=0.3301
2.4 界限相对受压区高度比ξb=0.5176
2.5 抗弯承载力Mu=355.67kN·m
2.6 受压钢筋应力σs'=360.0N/mm²
2.7 受拉钢筋应力σs =360.0N/mm²
✓轴力平衡校验通过!

=====矩形截面梁已知配筋计算抗弯承载力=====
序号5.4      编号： 
一.输入参数
1.1 梁宽b：250mm
1.2 梁高h：500mm
1.3 混凝土强度等级：C30
1.4 受拉钢筋强度等级：HRB400N/mm²
1.5 受压钢筋强度等级：HRB400N/mm²
1.6 受拉钢筋面积As：7000mm²
1.7 受拉钢筋面积As'：500mm²
1.8 受拉钢筋保护计算厚度as：42.5mm
1.9 受压钢筋保护计算厚度as'：42.5mm
二.计算结果
2.1 混凝土受压区高度x=289.7mm
2.2 界限相对受压区高度ξbh0=236.8mm
2.3 相对受压区高度比ξ=0.6332
2.4 界限相对受压区高度比ξb=0.5176
2.5 抗弯承载力Mu=398.53kN·m
2.6 受压钢筋应力σs'=360.0N/mm²
2.7 受拉钢筋应力σs =173.7N/mm²
✓轴力平衡校验通过!

=====矩形截面梁已知配筋计算抗弯承载力=====
序号5.5      编号： 
一.输入参数
1.1 梁宽b：250mm
1.2 梁高h：500mm
1.3 混凝土强度等级：C30
1.4 受拉钢筋强度等级：HRB400N/mm²
1.5 受压钢筋强度等级：HRB400N/mm²
1.6 受拉钢筋面积As：8000mm²
1.7 受拉钢筋面积As'：500mm²
1.8 受拉钢筋保护计算厚度as：42.5mm
1.9 受压钢筋保护计算厚度as'：42.5mm
二.计算结果
2.1 混凝土受压区高度x=296.4mm
2.2 界限相对受压区高度ξbh0=236.8mm
2.3 相对受压区高度比ξ=0.6479
2.4 界限相对受压区高度比ξb=0.5176
2.5 抗弯承载力Mu=402.45kN·m
2.6 受压钢筋应力σs'=360.0N/mm²
2.7 受拉钢筋应力σs =155.0N/mm²
✓轴力平衡校验通过!


【END】