===== 第1条计算结果 =====
【数据编号】1

【输入参数】
梁宽b=250mm
梁高h=500mm
混凝土强度等级C=30
受拉钢筋强度等级=HRB400
受压钢筋强度等级=HRB400
受拉钢筋面积As=2000mm²
受拉钢筋重心距as=42.5mm
受压钢筋面积As'=1000mm²
受压钢筋重心距as'=42.5mm

【计算结果】
混凝土受压区高度x=100.7mm
界限相对受压区高度ξbh0=237.0mm
抗弯承载力Mu=296.0kN·m
受压钢筋应力σs'=360.0N/mm²
受拉钢筋应力σs =360.0N/mm²

----------------------------------------

===== 第2条计算结果 =====
【数据编号】2

【输入参数】
梁宽b=300mm
梁高h=600mm
混凝土强度等级C=30
受拉钢筋强度等级=HRB400
受压钢筋强度等级=HRB400
受拉钢筋面积As=4000mm²
受拉钢筋重心距as=42.5mm
受压钢筋面积As'=600mm²
受压钢筋重心距as'=42.5mm

【计算结果】
混凝土受压区高度x=285.3mm
界限相对受压区高度ξbh0=288.8mm
抗弯承载力Mu=619.0kN·m
受压钢筋应力σs'=360.0N/mm²
受拉钢筋应力σs =360.0N/mm²

----------------------------------------

